<?xml version="1.0" encoding="UTF-8"?>
<!-- Generated by org.testng.reporters.JUnitXMLReporter -->
<testsuite ignored="0" hostname="DESKTOP-3O1I2A2" failures="0" tests="2" name="Default test" time="139.626" errors="0" timestamp="2023-08-31T17:15:28 IST">
  <testcase classname="com.tutorialsninja.qa.testcases.Login" name="verifyLoginWithInvalidCredentials" time="54.697"/>
  <testcase classname="com.tutorialsninja.qa.testcases.Login" name="verifyLoginWithValidCredentials" time="84.237"/>
</testsuite> <!-- Default test -->
