<?xml version="1.0" encoding="UTF-8"?>
<testng-results ignored="0" total="2" passed="2" failed="0" skipped="0">
  <reporter-output>
  </reporter-output>
  <suite started-at="2023-08-31T17:13:09 IST" name="Default suite" finished-at="2023-08-31T17:15:28 IST" duration-ms="139626">
    <groups>
    </groups>
    <test started-at="2023-08-31T17:13:09 IST" name="Default test" finished-at="2023-08-31T17:15:28 IST" duration-ms="139626">
      <class name="com.tutorialsninja.qa.testcases.Login">
        <test-method signature="verifyLoginWithInvalidCredentials()[pri:0, instance:com.tutorialsninja.qa.testcases.Login@2a65fe7c]" started-at="2023-08-31T17:13:09 IST" name="verifyLoginWithInvalidCredentials" finished-at="2023-08-31T17:14:04 IST" duration-ms="54697" status="PASS">
          <reporter-output>
          </reporter-output>
        </test-method> <!-- verifyLoginWithInvalidCredentials -->
        <test-method signature="verifyLoginWithValidCredentials()[pri:0, instance:com.tutorialsninja.qa.testcases.Login@2a65fe7c]" started-at="2023-08-31T17:14:04 IST" name="verifyLoginWithValidCredentials" finished-at="2023-08-31T17:15:28 IST" duration-ms="84237" status="PASS">
          <reporter-output>
          </reporter-output>
        </test-method> <!-- verifyLoginWithValidCredentials -->
      </class> <!-- com.tutorialsninja.qa.testcases.Login -->
    </test> <!-- Default test -->
  </suite> <!-- Default suite -->
</testng-results>
